     1                                  
     2                                  extern printf
     3                                  
     4                                  section .data
     5 00000000 0000000000002240        	num0 dq 9.0
     6 00000008 3333333333332140        	num1 dq 8.6
     7 00000010 252E32662025732025-     	fmt db "%.2f %s %.2f = %.2f", 0xa, 0
     7 00000019 2E3266203D20252E32-
     7 00000022 660A00             
     8 00000025 2B00                    	plus db "+", 0
     9 00000027 2D00                    	minus db "-", 0
    10 00000029 7371727428252E3266-     	fmt_sqrt db "sqrt(%.2f) = %.2f", 0xa, 0
    10 00000032 29203D20252E32660A-
    10 0000003B 00                 
    11                                  
    12                                  section .bss
    13 00000000 ????????????????        	result resq 1
    14                                  
    15                                  section .text
    16                                  	global main
    17                                  
    18                                  main:
    19                                  	
    20 00000000 55                      	push rbp
    21 00000001 4889E5                  	mov rbp, rsp
    22                                  
    23 00000004 F20F100425-             	movsd xmm0, [num0]
    23 00000009 [00000000]         
    24 0000000D F20F100C25-             	movsd xmm1, [num1]
    24 00000012 [08000000]         
    25 00000016 F20F101425-             	movsd xmm2, [num0]
    25 0000001B [00000000]         
    26 0000001F F20F581425-             	addsd xmm2, [num1]
    26 00000024 [08000000]         
    27 00000028 48BF-                   	mov rdi, fmt
    27 0000002A [1000000000000000] 
    28 00000032 48BE-                   	mov rsi, plus
    28 00000034 [2500000000000000] 
    29 0000003C B803000000              	mov rax, 3
    30 00000041 E8(00000000)            	call printf
    31                                  
    32 00000046 F20F100425-             	movsd xmm0, [num0]
    32 0000004B [00000000]         
    33 0000004F F20F100C25-             	movsd xmm1, [num1]
    33 00000054 [08000000]         
    34 00000058 F20F101425-             	movsd xmm2, [num0]
    34 0000005D [00000000]         
    35 00000061 F20F5C1425-             	subsd xmm2, [num1]
    35 00000066 [08000000]         
    36 0000006A 48BF-                   	mov rdi, fmt
    36 0000006C [1000000000000000] 
    37 00000074 48BE-                   	mov rsi, minus
    37 00000076 [2700000000000000] 
    38 0000007E B803000000              	mov rax, 3
    39 00000083 E8(00000000)            	call printf
    40                                  
    41 00000088 F20F100425-             	movsd xmm0, [num0]
    41 0000008D [00000000]         
    42 00000091 F20F510C25-             	sqrtsd xmm1, [num0]
    42 00000096 [00000000]         
    43 0000009A 48BF-                   	mov rdi, fmt_sqrt
    43 0000009C [2900000000000000] 
    44 000000A4 B802000000              	mov rax, 2
    45 000000A9 E8(00000000)            	call printf
    46                                  
    47 000000AE 4831C0                  	xor rax, rax
    48 000000B1 C9                      	leave
    49                                  
    50                                  terminate:
    51 000000B2 B83C000000              	mov rax, 60
    52 000000B7 4831FF                  	xor rdi, rdi
    53 000000BA 0F05                    	syscall
    54                                  
